\BOOKMARK [0][-]{chapter.1}{Introduction}{}% 1
\BOOKMARK [1][-]{section.1.1}{Economic development and urbanization and their impact on transport}{chapter.1}% 2
\BOOKMARK [1][-]{section.1.2}{Addressing Traffic congestion}{chapter.1}% 3
\BOOKMARK [1][-]{section.1.3}{Traffic management systems and Big Data}{chapter.1}% 4
\BOOKMARK [1][-]{section.1.4}{Traveller centric traffic flow probing}{chapter.1}% 5
\BOOKMARK [1][-]{section.1.5}{Application of mobile traces analytics}{chapter.1}% 6
\BOOKMARK [0][-]{chapter.2}{Problem definition}{}% 7
\BOOKMARK [1][-]{section.2.1}{Section name}{chapter.2}% 8
\BOOKMARK [1][-]{section.2.2}{Section name}{chapter.2}% 9
\BOOKMARK [0][-]{chapter.3}{Background and Literature Review}{}% 10
\BOOKMARK [1][-]{section.3.1}{Background}{chapter.3}% 11
\BOOKMARK [2][-]{subsection.3.1.1}{Mobile location data sources}{section.3.1}% 12
\BOOKMARK [2][-]{subsection.3.1.2}{Mobile position inference}{section.3.1}% 13
\BOOKMARK [2][-]{subsection.3.1.3}{Terabytes of data involved: Big data paradigm}{section.3.1}% 14
\BOOKMARK [2][-]{subsection.3.1.4}{Model fitting to human mobility}{section.3.1}% 15
\BOOKMARK [0][-]{chapter.4}{Methodology}{}% 16
\BOOKMARK [1][-]{section.4.1}{Section Name}{chapter.4}% 17
\BOOKMARK [0][-]{chapter.5}{Evaluation and Results}{}% 18
\BOOKMARK [1][-]{section.5.1}{Section Name}{chapter.5}% 19
\BOOKMARK [0][-]{chapter.6}{Future Work}{}% 20
\BOOKMARK [1][-]{section.6.1}{Section Name}{chapter.6}% 21
\BOOKMARK [0][-]{chapter.7}{Conclusion}{}% 22
\BOOKMARK [0][-]{appendix.A}{This chapter is in the appendix}{}% 23
\BOOKMARK [1][-]{section.A.1}{These are some details}{appendix.A}% 24
\BOOKMARK [0][-]{section.A.1}{References}{}% 25
